Arguments: 
  /home/sergio747/.nvm/versions/node/v8.6.0/bin/node /usr/share/yarn/bin/yarn.js init

PATH: 
  /home/sergio747/.nvm/versions/node/v8.6.0/bin:/home/sergio747/bin:/home/sergio747/bin:/usr/local/sbin:/usr/local/bin:/usr/sbin:/usr/bin:/sbin:/bin:/usr/games:/usr/local/games:/snap/bin

Yarn version: 
  1.3.2

Node version: 
  8.6.0

Platform: 
  linux x64

npm manifest: 
  

yarn manifest: 
  No manifest

Lockfile: 
  No lockfile

Trace: 
  SyntaxError: /var/www/NodeJS/my-portfolio-site/server-root/package.json: Unexpected end of JSON input
      at JSON.parse (<anonymous>)
      at /usr/share/yarn/lib/cli.js:770:59
      at Generator.next (<anonymous>)
      at step (/usr/share/yarn/lib/cli.js:92:30)
      at /usr/share/yarn/lib/cli.js:103:13
      at <anonymous>
